Drill report for PCB_Main_Final.kicad_pcb
Created on 3/5/2024 10:10:03 PM

Copper Layer Stackup:
    =============================================================
    L1 :  F.Cu                      front
    L2 :  B.Cu                      back


Drill file 'PCB_Main_Final-PTH.drl' contains
    plated through holes:
    =============================================================
    T1  0.400mm  0.0157"  (187 holes)
    T2  0.500mm  0.0197"  (5 holes)
    T3  0.600mm  0.0236"  (23 holes)
    T4  0.750mm  0.0295"  (4 holes)
    T5  0.780mm  0.0307"  (4 holes)
    T6  1.000mm  0.0394"  (39 holes)
    T7  3.000mm  0.1181"  (1 hole)
    T8  3.700mm  0.1457"  (2 holes)
    T9  4.000mm  0.1575"  (1 hole)
    T10  4.550mm  0.1791"  (2 holes)

    Total plated holes count 268


Drill file 'PCB_Main_Final-NPTH.drl' contains
    unplated through holes:
    =============================================================
    T1  2.700mm  0.1063"  (5 holes)

    Total unplated holes count 5
